<?xml version="1.0" encoding="UTF-8"?>
<coverage generated="1567651567239" clover="3.2.0">
  <project timestamp="1567651567239" name="All files">
    <metrics statements="54" coveredstatements="46" conditionals="14" coveredconditionals="10" methods="11" coveredmethods="9" elements="79" coveredelements="65" complexity="0" loc="54" ncloc="54" packages="1" files="1" classes="1"/>
    <file name="Form.jsx" path="/home/rick/repositories/title-page/frontend/Form.jsx">
      <metrics statements="54" coveredstatements="46" conditionals="14" coveredconditionals="10" methods="11" coveredmethods="9"/>
      <line num="9" count="1" type="stmt"/>
      <line num="10" count="6" type="stmt"/>
      <line num="17" count="5" type="stmt"/>
      <line num="18" count="5" type="cond" truecount="4" falsecount="0"/>
      <line num="19" count="4" type="stmt"/>
      <line num="21" count="1" type="stmt"/>
      <line num="25" count="1" type="stmt"/>
      <line num="26" count="33" type="stmt"/>
      <line num="27" count="33" type="stmt"/>
      <line num="28" count="33" type="stmt"/>
      <line num="29" count="33" type="stmt"/>
      <line num="30" count="33" type="stmt"/>
      <line num="31" count="33" type="stmt"/>
      <line num="32" count="33" type="stmt"/>
      <line num="34" count="33" type="stmt"/>
      <line num="35" count="0" type="stmt"/>
      <line num="36" count="0" type="stmt"/>
      <line num="37" count="0" type="stmt"/>
      <line num="38" count="0" type="stmt"/>
      <line num="39" count="0" type="stmt"/>
      <line num="42" count="33" type="stmt"/>
      <line num="43" count="6" type="stmt"/>
      <line num="50" count="6" type="stmt"/>
      <line num="51" count="6" type="stmt"/>
      <line num="52" count="4" type="stmt"/>
      <line num="53" count="4" type="stmt"/>
      <line num="55" count="2" type="stmt"/>
      <line num="63" count="33" type="stmt"/>
      <line num="64" count="3" type="stmt"/>
      <line num="65" count="3" type="stmt"/>
      <line num="66" count="3" type="stmt"/>
      <line num="67" count="3" type="stmt"/>
      <line num="68" count="3" type="stmt"/>
      <line num="72" count="2" type="stmt"/>
      <line num="73" count="2" type="cond" truecount="4" falsecount="0"/>
      <line num="74" count="1" type="stmt"/>
      <line num="76" count="1" type="stmt"/>
      <line num="83" count="1" type="stmt"/>
      <line num="91" count="33" type="stmt"/>
      <line num="154" count="3" type="stmt"/>
      <line num="166" count="1" type="stmt"/>
      <line num="167" count="71" type="stmt"/>
      <line num="168" count="71" type="stmt"/>
      <line num="169" count="1" type="stmt"/>
      <line num="170" count="1" type="stmt"/>
      <line num="173" count="71" type="stmt"/>
      <line num="174" count="0" type="cond" truecount="0" falsecount="2"/>
      <line num="175" count="0" type="cond" truecount="0" falsecount="2"/>
      <line num="176" count="0" type="stmt"/>
      <line num="180" count="71" type="stmt"/>
      <line num="204" count="6" type="stmt"/>
      <line num="208" count="3" type="stmt"/>
      <line num="220" count="1" type="stmt"/>
      <line num="228" count="1" type="stmt"/>
    </file>
  </project>
</coverage>
