{"/home/rick/repositories/title-page/frontend/Form.jsx": {"path":"/home/rick/repositories/title-page/frontend/Form.jsx","statementMap":{"0":{"start":{"line":9,"column":18},"end":{"line":23,"column":1}},"1":{"start":{"line":10,"column":19},"end":{"line":16,"column":4}},"2":{"start":{"line":17,"column":15},"end":{"line":17,"column":36}},"3":{"start":{"line":18,"column":2},"end":{"line":22,"column":3}},"4":{"start":{"line":19,"column":4},"end":{"line":19,"column":15}},"5":{"start":{"line":21,"column":4},"end":{"line":21,"column":32}},"6":{"start":{"line":25,"column":20},"end":{"line":164,"column":1}},"7":{"start":{"line":26,"column":34},"end":{"line":26,"column":46}},"8":{"start":{"line":27,"column":40},"end":{"line":27,"column":52}},"9":{"start":{"line":28,"column":52},"end":{"line":28,"column":64}},"10":{"start":{"line":29,"column":40},"end":{"line":29,"column":52}},"11":{"start":{"line":30,"column":42},"end":{"line":30,"column":54}},"12":{"start":{"line":31,"column":30},"end":{"line":31,"column":44}},"13":{"start":{"line":32,"column":52},"end":{"line":32,"column":64}},"14":{"start":{"line":34,"column":16},"end":{"line":40,"column":3}},"15":{"start":{"line":35,"column":4},"end":{"line":35,"column":24}},"16":{"start":{"line":36,"column":4},"end":{"line":36,"column":27}},"17":{"start":{"line":37,"column":4},"end":{"line":37,"column":33}},"18":{"start":{"line":38,"column":4},"end":{"line":38,"column":28}},"19":{"start":{"line":39,"column":4},"end":{"line":39,"column":29}},"20":{"start":{"line":42,"column":17},"end":{"line":61,"column":3}},"21":{"start":{"line":43,"column":17},"end":{"line":49,"column":5}},"22":{"start":{"line":50,"column":4},"end":{"line":60,"column":5}},"23":{"start":{"line":51,"column":23},"end":{"line":51,"column":57}},"24":{"start":{"line":52,"column":6},"end":{"line":52,"column":26}},"25":{"start":{"line":53,"column":6},"end":{"line":53,"column":45}},"26":{"start":{"line":55,"column":6},"end":{"line":59,"column":8}},"27":{"start":{"line":63,"column":18},"end":{"line":89,"column":3}},"28":{"start":{"line":64,"column":21},"end":{"line":64,"column":35}},"29":{"start":{"line":65,"column":4},"end":{"line":65,"column":61}},"30":{"start":{"line":66,"column":4},"end":{"line":66,"column":37}},"31":{"start":{"line":67,"column":4},"end":{"line":88,"column":5}},"32":{"start":{"line":68,"column":23},"end":{"line":71,"column":8}},"33":{"start":{"line":72,"column":19},"end":{"line":72,"column":40}},"34":{"start":{"line":73,"column":6},"end":{"line":81,"column":7}},"35":{"start":{"line":74,"column":8},"end":{"line":74,"column":39}},"36":{"start":{"line":76,"column":8},"end":{"line":80,"column":10}},"37":{"start":{"line":83,"column":6},"end":{"line":87,"column":8}},"38":{"start":{"line":91,"column":2},"end":{"line":163,"column":3}},"39":{"start":{"line":154,"column":27},"end":{"line":154,"column":53}},"40":{"start":{"line":166,"column":25},"end":{"line":218,"column":1}},"41":{"start":{"line":167,"column":32},"end":{"line":167,"column":44}},"42":{"start":{"line":168,"column":21},"end":{"line":171,"column":3}},"43":{"start":{"line":169,"column":4},"end":{"line":169,"column":22}},"44":{"start":{"line":170,"column":4},"end":{"line":170,"column":23}},"45":{"start":{"line":173,"column":24},"end":{"line":178,"column":3}},"46":{"start":{"line":174,"column":17},"end":{"line":174,"column":60}},"47":{"start":{"line":175,"column":4},"end":{"line":177,"column":5}},"48":{"start":{"line":176,"column":6},"end":{"line":176,"column":18}},"49":{"start":{"line":180,"column":2},"end":{"line":217,"column":3}},"50":{"start":{"line":204,"column":10},"end":{"line":213,"column":15}},"51":{"start":{"line":208,"column":29},"end":{"line":208,"column":53}},"52":{"start":{"line":220,"column":0},"end":{"line":226,"column":1}},"53":{"start":{"line":228,"column":0},"end":{"line":231,"column":1}}},"fnMap":{"0":{"name":"(anonymous_0)","decl":{"start":{"line":9,"column":18},"end":{"line":9,"column":19}},"loc":{"start":{"line":9,"column":44},"end":{"line":23,"column":1}},"line":9},"1":{"name":"(anonymous_1)","decl":{"start":{"line":25,"column":20},"end":{"line":25,"column":21}},"loc":{"start":{"line":25,"column":41},"end":{"line":164,"column":1}},"line":25},"2":{"name":"(anonymous_2)","decl":{"start":{"line":34,"column":16},"end":{"line":34,"column":17}},"loc":{"start":{"line":34,"column":22},"end":{"line":40,"column":3}},"line":34},"3":{"name":"(anonymous_3)","decl":{"start":{"line":42,"column":17},"end":{"line":42,"column":18}},"loc":{"start":{"line":42,"column":29},"end":{"line":61,"column":3}},"line":42},"4":{"name":"(anonymous_4)","decl":{"start":{"line":63,"column":18},"end":{"line":63,"column":19}},"loc":{"start":{"line":63,"column":30},"end":{"line":89,"column":3}},"line":63},"5":{"name":"(anonymous_5)","decl":{"start":{"line":154,"column":22},"end":{"line":154,"column":23}},"loc":{"start":{"line":154,"column":27},"end":{"line":154,"column":53}},"line":154},"6":{"name":"(anonymous_6)","decl":{"start":{"line":166,"column":25},"end":{"line":166,"column":26}},"loc":{"start":{"line":166,"column":75},"end":{"line":218,"column":1}},"line":166},"7":{"name":"(anonymous_7)","decl":{"start":{"line":168,"column":21},"end":{"line":168,"column":22}},"loc":{"start":{"line":168,"column":27},"end":{"line":171,"column":3}},"line":168},"8":{"name":"(anonymous_8)","decl":{"start":{"line":173,"column":24},"end":{"line":173,"column":25}},"loc":{"start":{"line":173,"column":33},"end":{"line":178,"column":3}},"line":173},"9":{"name":"(anonymous_9)","decl":{"start":{"line":203,"column":19},"end":{"line":203,"column":20}},"loc":{"start":{"line":204,"column":10},"end":{"line":213,"column":15}},"line":204},"10":{"name":"(anonymous_10)","decl":{"start":{"line":208,"column":23},"end":{"line":208,"column":24}},"loc":{"start":{"line":208,"column":29},"end":{"line":208,"column":53}},"line":208}},"branchMap":{"0":{"loc":{"start":{"line":18,"column":2},"end":{"line":22,"column":3}},"type":"if","locations":[{"start":{"line":18,"column":2},"end":{"line":22,"column":3}},{"start":{"line":18,"column":2},"end":{"line":22,"column":3}}],"line":18},"1":{"loc":{"start":{"line":18,"column":6},"end":{"line":18,"column":53}},"type":"binary-expr","locations":[{"start":{"line":18,"column":6},"end":{"line":18,"column":28}},{"start":{"line":18,"column":32},"end":{"line":18,"column":53}}],"line":18},"2":{"loc":{"start":{"line":73,"column":6},"end":{"line":81,"column":7}},"type":"if","locations":[{"start":{"line":73,"column":6},"end":{"line":81,"column":7}},{"start":{"line":73,"column":6},"end":{"line":81,"column":7}}],"line":73},"3":{"loc":{"start":{"line":73,"column":10},"end":{"line":73,"column":57}},"type":"binary-expr","locations":[{"start":{"line":73,"column":10},"end":{"line":73,"column":32}},{"start":{"line":73,"column":36},"end":{"line":73,"column":57}}],"line":73},"4":{"loc":{"start":{"line":146,"column":7},"end":{"line":161,"column":7}},"type":"binary-expr","locations":[{"start":{"line":146,"column":7},"end":{"line":146,"column":10}},{"start":{"line":147,"column":8},"end":{"line":160,"column":11}}],"line":146},"5":{"loc":{"start":{"line":174,"column":17},"end":{"line":174,"column":60}},"type":"cond-expr","locations":[{"start":{"line":174,"column":33},"end":{"line":174,"column":46}},{"start":{"line":174,"column":49},"end":{"line":174,"column":60}}],"line":174},"6":{"loc":{"start":{"line":175,"column":4},"end":{"line":177,"column":5}},"type":"if","locations":[{"start":{"line":175,"column":4},"end":{"line":177,"column":5}},{"start":{"line":175,"column":4},"end":{"line":177,"column":5}}],"line":175}},"s":{"0":1,"1":6,"2":5,"3":5,"4":4,"5":1,"6":1,"7":33,"8":33,"9":33,"10":33,"11":33,"12":33,"13":33,"14":33,"15":0,"16":0,"17":0,"18":0,"19":0,"20":33,"21":6,"22":6,"23":6,"24":4,"25":4,"26":2,"27":33,"28":3,"29":3,"30":3,"31":3,"32":3,"33":2,"34":2,"35":1,"36":1,"37":1,"38":33,"39":3,"40":1,"41":71,"42":71,"43":1,"44":1,"45":71,"46":0,"47":0,"48":0,"49":71,"50":6,"51":3,"52":1,"53":1},"f":{"0":6,"1":33,"2":0,"3":6,"4":3,"5":3,"6":71,"7":1,"8":0,"9":6,"10":3},"b":{"0":[4,1],"1":[5,5],"2":[1,1],"3":[2,2],"4":[33,19],"5":[0,0],"6":[0,0]},"_coverageSchema":"43e27e138ebf9cfc5966b082cf9a028302ed4184","hash":"ef4d5fc38c34b0c060cc57562b2be7f552845dd8"}
}
