TN:
SF:/home/rick/repositories/title-page/frontend/Form.jsx
FN:9,(anonymous_0)
FN:25,(anonymous_1)
FN:34,(anonymous_2)
FN:42,(anonymous_3)
FN:63,(anonymous_4)
FN:154,(anonymous_5)
FN:166,(anonymous_6)
FN:168,(anonymous_7)
FN:173,(anonymous_8)
FN:203,(anonymous_9)
FN:208,(anonymous_10)
FNF:11
FNH:9
FNDA:6,(anonymous_0)
FNDA:33,(anonymous_1)
FNDA:0,(anonymous_2)
FNDA:6,(anonymous_3)
FNDA:3,(anonymous_4)
FNDA:3,(anonymous_5)
FNDA:71,(anonymous_6)
FNDA:1,(anonymous_7)
FNDA:0,(anonymous_8)
FNDA:6,(anonymous_9)
FNDA:3,(anonymous_10)
DA:9,1
DA:10,6
DA:17,5
DA:18,5
DA:19,4
DA:21,1
DA:25,1
DA:26,33
DA:27,33
DA:28,33
DA:29,33
DA:30,33
DA:31,33
DA:32,33
DA:34,33
DA:35,0
DA:36,0
DA:37,0
DA:38,0
DA:39,0
DA:42,33
DA:43,6
DA:50,6
DA:51,6
DA:52,4
DA:53,4
DA:55,2
DA:63,33
DA:64,3
DA:65,3
DA:66,3
DA:67,3
DA:68,3
DA:72,2
DA:73,2
DA:74,1
DA:76,1
DA:83,1
DA:91,33
DA:154,3
DA:166,1
DA:167,71
DA:168,71
DA:169,1
DA:170,1
DA:173,71
DA:174,0
DA:175,0
DA:176,0
DA:180,71
DA:204,6
DA:208,3
DA:220,1
DA:228,1
LF:54
LH:46
BRDA:18,0,0,4
BRDA:18,0,1,1
BRDA:18,1,0,5
BRDA:18,1,1,5
BRDA:73,2,0,1
BRDA:73,2,1,1
BRDA:73,3,0,2
BRDA:73,3,1,2
BRDA:146,4,0,33
BRDA:146,4,1,19
BRDA:174,5,0,0
BRDA:174,5,1,0
BRDA:175,6,0,0
BRDA:175,6,1,0
BRF:14
BRH:10
end_of_record
